<?xml version="1.0" encoding="utf-8"?><testsuites name="pytest tests"><testsuite name="pytest" errors="0" failures="0" skipped="0" tests="37" time="1.139" timestamp="2025-12-02T14:49:13.245741-05:00" hostname="GSDESKTOP"><testcase classname="tests.test_generate_docx.TestAddHyperlink" name="test_add_hyperlink_with_color_and_underline" time="0.038" /><testcase classname="tests.test_generate_docx.TestAddHyperlink" name="test_add_hyperlink_without_underline" time="0.022" /><testcase classname="tests.test_generate_docx.TestAddHyperlink" name="test_add_hyperlink_without_color" time="0.028" /><testcase classname="tests.test_generate_docx.TestGenerateDocx" name="test_generate_docx_creates_document" time="0.027" /><testcase classname="tests.test_generate_docx.TestGenerateDocx" name="test_generate_docx_handles_subspecies" time="0.043" /><testcase classname="tests.test_generate_docx.TestMain" name="test_main_with_required_args" time="0.009" /><testcase classname="tests.test_generate_docx.TestMain" name="test_main_with_version" time="0.008" /><testcase classname="tests.test_generate_docx.TestMain" name="test_main_with_verbose" time="0.008" /><testcase classname="tests.test_generate_docx.TestAddCategoryRow" name="test_add_category_row_creates_merged_cell" time="0.035" /><testcase classname="tests.test_generate_docx.TestAddCategoryRow" name="test_add_category_row_sets_text" time="0.034" /><testcase classname="tests.test_generate_docx.TestAddCategoryRow" name="test_add_category_row_makes_text_bold" time="0.026" /><testcase classname="tests.test_generate_docx.TestAddCategoryRow" name="test_add_category_row_with_different_colors" time="0.039" /><testcase classname="tests.test_get_ebird_api_key" name="test_get_ebird_api_key_valid" time="0.002" /><testcase classname="tests.test_get_ebird_api_key" name="test_get_ebird_api_key_missing" time="0.003" /><testcase classname="tests.test_get_ebird_api_key" name="test_get_ebird_api_key_invalid" time="0.002" /><testcase classname="tests.test_get_taxonomy.TestGetTaxonomy" name="test_ebird_taxonomy" time="0.031" /><testcase classname="tests.test_update_state_list.TestCreateOutputFile" name="test_create_output_file_with_data" time="0.024" /><testcase classname="tests.test_update_state_list.TestCreateOutputFile" name="test_create_output_file_sorts_by_taxon_order" time="0.007" /><testcase classname="tests.test_update_state_list.TestGetTaxonomyOfInterest" name="test_filters_hybrids" time="0.003" /><testcase classname="tests.test_update_state_list.TestGetTaxonomyOfInterest" name="test_filters_domestic" time="0.003" /><testcase classname="tests.test_update_state_list.TestReadInputFile" name="test_read_valid_csv" time="0.008" /><testcase classname="tests.test_update_state_list.TestReadInputFile" name="test_read_nonexistent_file" time="0.004" /><testcase classname="tests.test_update_state_list.TestGetMatchingTaxon" name="test_exact_match" time="0.002" /><testcase classname="tests.test_update_state_list.TestGetMatchingTaxon" name="test_base_name_match" time="0.003" /><testcase classname="tests.test_update_state_list.TestGetMatchingTaxon" name="test_no_match_found" time="0.002" /><testcase classname="tests.test_update_state_list.TestGetMatchingTaxon" name="test_update_state_list_basic" time="0.004" /><testcase classname="tests.test_update_state_list.TestGetMatchingTaxon" name="test_update_state_list_with_issf" time="0.004" /><testcase classname="tests.test_update_state_list.TestMain" name="test_main_basic_execution" time="0.009" /><testcase classname="tests.test_update_state_list.TestMain" name="test_main_with_verbose" time="0.008" /><testcase classname="tests.test_update_state_list.TestMain" name="test_main_version" time="0.007" /><testcase classname="tests.test_update_state_list.TestMain" name="test_main_missing_required_arg" time="0.014" /><testcase classname="tests.test_update_state_list.TestUpdateStateList" name="test_update_state_list_with_sort_as_field" time="0.003" /><testcase classname="tests.test_update_state_list.TestUpdateStateList" name="test_update_state_list_with_non_issf_subspecies" time="0.006" /><testcase classname="tests.test_update_state_list.TestUpdateStateList" name="test_update_state_list_multiple_subspecies" time="0.005" /><testcase classname="tests.test_update_state_list.TestUpdateStateList" name="test_update_state_list_resets_counter_after_species" time="0.004" /><testcase classname="tests.test_update_state_list.TestUpdateStateList" name="test_update_state_list_no_matching_taxon" time="0.006" /><testcase classname="tests.test_update_state_list.TestUpdateStateList" name="test_update_state_list_copies_all_fields" time="0.004" /></testsuite></testsuites>